[15:04:09] [ServerMain/INFO]: Building unoptimized datafixer
[15:04:12] [ServerMain/INFO]: Environment: authHost='https://authserver.mojang.com', accountsHost='https://api.mojang.com', sessionHost='https://sessionserver.mojang.com', servicesHost='https://api.minecraftservices.com', name='PROD'
[15:04:19] [ServerMain/INFO]: Loaded 7 recipes
[15:04:19] [ServerMain/INFO]: Loaded 1179 advancements
[15:04:24] [Server thread/INFO]: Starting minecraft server version 1.19
[15:04:24] [Server thread/INFO]: Loading properties
[15:04:24] [Server thread/INFO]: Default game type: SURVIVAL
[15:04:24] [Server thread/INFO]: Generating keypair
[15:04:25] [Server thread/INFO]: Starting Minecraft server on *:50301
[15:04:25] [Server thread/INFO]: Using epoll channel type
[15:04:25] [Server thread/WARN]: **** SERVER IS RUNNING IN OFFLINE/INSECURE MODE!
[15:04:25] [Server thread/WARN]: The server will make no attempt to authenticate usernames. Beware.
[15:04:25] [Server thread/WARN]: While this makes the game possible to play without internet access, it also opens up the ability for hackers to connect with any username they choose.
[15:04:25] [Server thread/WARN]: To change this, set "online-mode" to "true" in the server.properties file.
[15:04:25] [Server thread/INFO]: Preparing level "world"
[15:04:44] [Server thread/INFO]: Preparing start region for dimension minecraft:overworld
[15:05:39] [Worker-Main-1/INFO]: Preparing spawn area: 0%
[15:05:39] [Worker-Main-1/INFO]: Preparing spawn area: 0%
[15:05:39] [Worker-Main-1/INFO]: Preparing spawn area: 0%
[15:05:39] [Worker-Main-1/INFO]: Preparing spawn area: 0%
[15:05:39] [Worker-Main-1/INFO]: Preparing spawn area: 0%
[15:05:39] [Worker-Main-1/INFO]: Preparing spawn area: 0%
[15:05:39] [Worker-Main-1/INFO]: Preparing spawn area: 0%
[15:05:39] [Worker-Main-1/INFO]: Preparing spawn area: 0%
[15:05:39] [Worker-Main-1/INFO]: Preparing spawn area: 0%
[15:05:39] [Worker-Main-1/INFO]: Preparing spawn area: 0%
[15:05:39] [Worker-Main-1/INFO]: Preparing spawn area: 0%
[15:05:39] [Worker-Main-1/INFO]: Preparing spawn area: 0%
[15:05:39] [Worker-Main-1/INFO]: Preparing spawn area: 0%
[15:05:39] [Worker-Main-1/INFO]: Preparing spawn area: 0%
[15:05:39] [Worker-Main-1/INFO]: Preparing spawn area: 0%
[15:05:39] [Worker-Main-1/INFO]: Preparing spawn area: 0%
[15:05:39] [Worker-Main-1/INFO]: Preparing spawn area: 0%
[15:05:39] [Worker-Main-1/INFO]: Preparing spawn area: 0%
[15:05:39] [Worker-Main-1/INFO]: Preparing spawn area: 0%
[15:05:39] [Worker-Main-1/INFO]: Preparing spawn area: 0%
[15:05:39] [Worker-Main-1/INFO]: Preparing spawn area: 0%
[15:05:39] [Worker-Main-1/INFO]: Preparing spawn area: 0%
[15:05:39] [Worker-Main-1/INFO]: Preparing spawn area: 0%
[15:05:39] [Worker-Main-1/INFO]: Preparing spawn area: 0%
[15:05:39] [Worker-Main-1/INFO]: Preparing spawn area: 0%
[15:05:39] [Worker-Main-1/INFO]: Preparing spawn area: 0%
[15:05:39] [Worker-Main-1/INFO]: Preparing spawn area: 0%
[15:05:39] [Worker-Main-1/INFO]: Preparing spawn area: 0%
[15:05:39] [Worker-Main-1/INFO]: Preparing spawn area: 0%
[15:05:39] [Worker-Main-1/INFO]: Preparing spawn area: 0%
[15:05:39] [Worker-Main-1/INFO]: Preparing spawn area: 0%
[15:05:39] [Worker-Main-1/INFO]: Preparing spawn area: 0%
[15:05:39] [Worker-Main-1/INFO]: Preparing spawn area: 0%
[15:05:39] [Worker-Main-1/INFO]: Preparing spawn area: 0%
[15:05:39] [Worker-Main-1/INFO]: Preparing spawn area: 0%
[15:05:39] [Worker-Main-1/INFO]: Preparing spawn area: 0%
[15:05:39] [Worker-Main-1/INFO]: Preparing spawn area: 0%
[15:05:39] [Worker-Main-1/INFO]: Preparing spawn area: 0%
[15:05:39] [Worker-Main-1/INFO]: Preparing spawn area: 0%
[15:05:39] [Worker-Main-1/INFO]: Preparing spawn area: 0%
[15:05:39] [Worker-Main-1/INFO]: Preparing spawn area: 0%
[15:05:39] [Worker-Main-1/INFO]: Preparing spawn area: 0%
[15:05:39] [Worker-Main-1/INFO]: Preparing spawn area: 0%
[15:05:39] [Worker-Main-1/INFO]: Preparing spawn area: 0%
[15:05:39] [Worker-Main-1/INFO]: Preparing spawn area: 0%
[15:05:39] [Worker-Main-1/INFO]: Preparing spawn area: 0%
[15:05:39] [Worker-Main-1/INFO]: Preparing spawn area: 0%
[15:05:39] [Worker-Main-1/INFO]: Preparing spawn area: 0%
[15:05:39] [Worker-Main-1/INFO]: Preparing spawn area: 0%
[15:05:39] [Worker-Main-1/INFO]: Preparing spawn area: 0%
[15:05:39] [Worker-Main-1/INFO]: Preparing spawn area: 0%
[15:05:39] [Worker-Main-1/INFO]: Preparing spawn area: 0%
[15:05:39] [Worker-Main-1/INFO]: Preparing spawn area: 0%
[15:05:39] [Worker-Main-1/INFO]: Preparing spawn area: 0%
[15:05:39] [Worker-Main-1/INFO]: Preparing spawn area: 0%
[15:05:39] [Worker-Main-1/INFO]: Preparing spawn area: 0%
[15:05:39] [Worker-Main-1/INFO]: Preparing spawn area: 0%
[15:05:39] [Worker-Main-1/INFO]: Preparing spawn area: 0%
[15:05:39] [Worker-Main-1/INFO]: Preparing spawn area: 0%
[15:05:39] [Worker-Main-1/INFO]: Preparing spawn area: 0%
[15:05:39] [Worker-Main-1/INFO]: Preparing spawn area: 0%
[15:05:39] [Worker-Main-1/INFO]: Preparing spawn area: 0%
[15:05:39] [Worker-Main-1/INFO]: Preparing spawn area: 0%
[15:05:39] [Worker-Main-1/INFO]: Preparing spawn area: 0%
[15:05:39] [Worker-Main-1/INFO]: Preparing spawn area: 0%
[15:05:39] [Worker-Main-1/INFO]: Preparing spawn area: 0%
[15:05:39] [Worker-Main-1/INFO]: Preparing spawn area: 0%
[15:05:39] [Worker-Main-1/INFO]: Preparing spawn area: 0%
[15:05:39] [Worker-Main-1/INFO]: Preparing spawn area: 0%
[15:05:39] [Worker-Main-1/INFO]: Preparing spawn area: 0%
[15:05:39] [Worker-Main-1/INFO]: Preparing spawn area: 0%
[15:05:39] [Worker-Main-1/INFO]: Preparing spawn area: 0%
[15:05:39] [Worker-Main-1/INFO]: Preparing spawn area: 0%
[15:05:39] [Worker-Main-1/INFO]: Preparing spawn area: 0%
[15:05:39] [Worker-Main-1/INFO]: Preparing spawn area: 0%
[15:05:39] [Worker-Main-1/INFO]: Preparing spawn area: 0%
[15:05:39] [Worker-Main-1/INFO]: Preparing spawn area: 0%
[15:05:39] [Worker-Main-1/INFO]: Preparing spawn area: 0%
[15:05:39] [Worker-Main-1/INFO]: Preparing spawn area: 0%
[15:05:39] [Worker-Main-1/INFO]: Preparing spawn area: 0%
[15:05:39] [Worker-Main-1/INFO]: Preparing spawn area: 0%
[15:05:39] [Worker-Main-1/INFO]: Preparing spawn area: 0%
[15:05:39] [Worker-Main-1/INFO]: Preparing spawn area: 0%
[15:05:39] [Worker-Main-1/INFO]: Preparing spawn area: 0%
[15:05:39] [Worker-Main-1/INFO]: Preparing spawn area: 0%
[15:05:39] [Worker-Main-1/INFO]: Preparing spawn area: 0%
[15:05:39] [Worker-Main-1/INFO]: Preparing spawn area: 0%
[15:05:39] [Worker-Main-1/INFO]: Preparing spawn area: 0%
[15:05:39] [Worker-Main-1/INFO]: Preparing spawn area: 0%
[15:05:39] [Worker-Main-1/INFO]: Preparing spawn area: 0%
[15:05:39] [Worker-Main-1/INFO]: Preparing spawn area: 0%
[15:05:39] [Worker-Main-1/INFO]: Preparing spawn area: 0%
[15:05:39] [Worker-Main-1/INFO]: Preparing spawn area: 0%
[15:05:39] [Worker-Main-1/INFO]: Preparing spawn area: 0%
[15:05:39] [Worker-Main-1/INFO]: Preparing spawn area: 0%
[15:05:39] [Worker-Main-1/INFO]: Preparing spawn area: 0%
[15:05:39] [Worker-Main-1/INFO]: Preparing spawn area: 0%
[15:05:39] [Worker-Main-1/INFO]: Preparing spawn area: 0%
[15:05:39] [Worker-Main-1/INFO]: Preparing spawn area: 0%
[15:05:39] [Worker-Main-1/INFO]: Preparing spawn area: 0%
[15:05:39] [Worker-Main-1/INFO]: Preparing spawn area: 0%
[15:05:39] [Worker-Main-1/INFO]: Preparing spawn area: 0%
[15:05:39] [Worker-Main-1/INFO]: Preparing spawn area: 0%
[15:05:39] [Worker-Main-1/INFO]: Preparing spawn area: 0%
[15:05:39] [Worker-Main-1/INFO]: Preparing spawn area: 0%
[15:05:39] [Worker-Main-1/INFO]: Preparing spawn area: 0%
[15:05:39] [Worker-Main-1/INFO]: Preparing spawn area: 0%
[15:05:39] [Worker-Main-1/INFO]: Preparing spawn area: 0%
[15:05:39] [Worker-Main-1/INFO]: Preparing spawn area: 0%
[15:05:39] [Worker-Main-1/INFO]: Preparing spawn area: 0%
[15:05:39] [Worker-Main-1/INFO]: Preparing spawn area: 0%
[15:05:40] [Worker-Main-1/INFO]: Preparing spawn area: 0%
[15:05:40] [Worker-Main-1/INFO]: Preparing spawn area: 0%
[15:05:41] [Worker-Main-1/INFO]: Preparing spawn area: 0%
[15:05:41] [Worker-Main-1/INFO]: Preparing spawn area: 4%
[15:05:42] [Worker-Main-1/INFO]: Preparing spawn area: 24%
[15:05:43] [Server thread/INFO]: Time elapsed: 58744 ms
[15:05:43] [Server thread/INFO]: Done (77.806s)! For help, type "help"
[15:05:51] [Server thread/INFO]: Matheus[/177.64.193.110:52408] logged in with entity id 56 at (367.5, 135.0, 364.5)
[15:05:52] [Server thread/INFO]: Matheus joined the game
[15:05:53] [Server thread/WARN]: Can't keep up! Is the server overloaded? Running 2480ms or 49 ticks behind
[15:06:11] [Server thread/WARN]: Can't keep up! Is the server overloaded? Running 3633ms or 72 ticks behind
[15:06:13] [Server thread/INFO]: Made Matheus a server operator
[15:06:21] [Server thread/INFO]: [Matheus: Set own game mode to Creative Mode]
[15:09:53] [Server thread/WARN]: Can't keep up! Is the server overloaded? Running 2010ms or 40 ticks behind
[15:10:28] [Server thread/WARN]: Can't keep up! Is the server overloaded? Running 2001ms or 40 ticks behind
[15:21:34] [Server thread/INFO]: Stopping the server
[15:21:34] [Server thread/INFO]: Stopping server
[15:21:34] [Server thread/INFO]: Saving players
[15:21:34] [Server thread/INFO]: Saving worlds
[15:21:37] [Server thread/INFO]: Saving chunks for level 'ServerLevel[New World]'/minecraft:overworld
[15:21:38] [Server thread/INFO]: Saving chunks for level 'ServerLevel[New World]'/minecraft:the_nether
[15:21:38] [Server thread/INFO]: Saving chunks for level 'ServerLevel[New World]'/minecraft:the_end
[15:21:38] [Server thread/INFO]: ThreadedAnvilChunkStorage (world): All chunks are saved
[15:21:38] [Server thread/INFO]: ThreadedAnvilChunkStorage (DIM-1): All chunks are saved
[15:21:38] [Server thread/INFO]: ThreadedAnvilChunkStorage (DIM1): All chunks are saved
[15:21:38] [Server thread/INFO]: ThreadedAnvilChunkStorage: All dimensions are saved
